Determining if the pthread_create exist failed with the following output:
Change Dir: /home/sinchiguano/yumi_depends_ws/build/CMakeFiles/CMakeTmp

Run Build Command:"/usr/bin/make" "cmTC_fae1c/fast"
/usr/bin/make -f CMakeFiles/cmTC_fae1c.dir/build.make CMakeFiles/cmTC_fae1c.dir/build
make[1]: Entering directory '/home/sinchiguano/yumi_depends_ws/build/CMakeFiles/CMakeTmp'
Building C object CMakeFiles/cmTC_fae1c.dir/CheckSymbolExists.c.o
/usr/bin/cc     -o CMakeFiles/cmTC_fae1c.dir/CheckSymbolExists.c.o   -c /home/sinchiguano/yumi_depends_ws/build/CMakeFiles/CMakeTmp/CheckSymbolExists.c
Linking C executable cmTC_fae1c
/usr/bin/cmake -E cmake_link_script CMakeFiles/cmTC_fae1c.dir/link.txt --verbose=1
/usr/bin/cc       CMakeFiles/cmTC_fae1c.dir/CheckSymbolExists.c.o  -o cmTC_fae1c -rdynamic 
CMakeFiles/cmTC_fae1c.dir/CheckSymbolExists.c.o: In function `main':
CheckSymbolExists.c:(.text+0x16): undefined reference to `pthread_create'
collect2: error: ld returned 1 exit status
CMakeFiles/cmTC_fae1c.dir/build.make:97: recipe for target 'cmTC_fae1c' failed
make[1]: *** [cmTC_fae1c] Error 1
make[1]: Leaving directory '/home/sinchiguano/yumi_depends_ws/build/CMakeFiles/CMakeTmp'
Makefile:126: recipe for target 'cmTC_fae1c/fast' failed
make: *** [cmTC_fae1c/fast] Error 2

File /home/sinchiguano/yumi_depends_ws/build/CMakeFiles/CMakeTmp/CheckSymbolExists.c:
/* */
#include <pthread.h>

int main(int argc, char** argv)
{
  (void)argv;
#ifndef pthread_create
  return ((int*)(&pthread_create))[argc];
#else
  (void)argc;
  return 0;
#endif
}

Determining if the function pthread_create exists in the pthreads failed with the following output:
Change Dir: /home/sinchiguano/yumi_depends_ws/build/CMakeFiles/CMakeTmp

Run Build Command:"/usr/bin/make" "cmTC_cd915/fast"
/usr/bin/make -f CMakeFiles/cmTC_cd915.dir/build.make CMakeFiles/cmTC_cd915.dir/build
make[1]: Entering directory '/home/sinchiguano/yumi_depends_ws/build/CMakeFiles/CMakeTmp'
Building C object CMakeFiles/cmTC_cd915.dir/CheckFunctionExists.c.o
/usr/bin/cc    -DCHECK_FUNCTION_EXISTS=pthread_create   -o CMakeFiles/cmTC_cd915.dir/CheckFunctionExists.c.o   -c /usr/share/cmake-3.5/Modules/CheckFunctionExists.c
Linking C executable cmTC_cd915
/usr/bin/cmake -E cmake_link_script CMakeFiles/cmTC_cd915.dir/link.txt --verbose=1
/usr/bin/cc   -DCHECK_FUNCTION_EXISTS=pthread_create    CMakeFiles/cmTC_cd915.dir/CheckFunctionExists.c.o  -o cmTC_cd915 -rdynamic -lpthreads 
/usr/bin/ld: cannot find -lpthreads
collect2: error: ld returned 1 exit status
CMakeFiles/cmTC_cd915.dir/build.make:97: recipe for target 'cmTC_cd915' failed
make[1]: *** [cmTC_cd915] Error 1
make[1]: Leaving directory '/home/sinchiguano/yumi_depends_ws/build/CMakeFiles/CMakeTmp'
Makefile:126: recipe for target 'cmTC_cd915/fast' failed
make: *** [cmTC_cd915/fast] Error 2


