This is pdfTeX, Version 3.14159265-2.6-1.40.16 (TeX Live 2015/Debian) (preloaded format=pdflatex 2019.1.27)  26 FEB 2019 12:31
entering extended mode
 restricted \write18 enabled.
 %&-line parsing enabled.
**ctustyle2.tex
(./ctustyle2.tex
LaTeX2e <2016/02/01>
Babel <3.9q> and hyphenation patterns for 81 language(s) loaded.
CTUstyle2: Thesis at Czech Technical University in Prague, <beta(e) May 2018>
ERROR -- csplain isn't detected, use ``pdfcsplain ctustyle2'' command. ) 
Here is how much of TeX's memory you used:
 7 strings out of 493029
 168 string characters out of 6136234
 53063 words of memory out of 5000000
 3643 multiletter control sequences out of 15000+600000
 3640 words of font info for 14 fonts, out of 8000000 for 9000
 1141 hyphenation exceptions out of 8191
 5i,0n,1p,94b,8s stack positions out of 5000i,500n,10000p,200000b,80000s

No pages of output.
PDF statistics:
 0 PDF objects out of 1000 (max. 8388607)
 0 named destinations out of 1000 (max. 500000)
 1 words of extra memory for PDF output out of 10000 (max. 10000000)

